{"C:\\Users\\钱妈妈H5\\Desktop\\project\\TDDVUE\\jest-vue\\babel.config.js": {"path":"C:\\Users\\钱妈妈H5\\Desktop\\project\\TDDVUE\\jest-vue\\babel.config.js","statementMap":{"0":{"start":{"line":1,"column":0},"end":{"line":5,"column":1}}},"fnMap":{},"branchMap":{},"s":{"0":0},"f":{},"b":{},"hash":"aea1a968debdcb659a5629d2fe16778c7622fdad"}
,"C:\\Users\\钱妈妈H5\\Desktop\\project\\TDDVUE\\jest-vue\\jest.config.js": {"path":"C:\\Users\\钱妈妈H5\\Desktop\\project\\TDDVUE\\jest-vue\\jest.config.js","statementMap":{"0":{"start":{"line":1,"column":0},"end":{"line":3,"column":1}}},"fnMap":{},"branchMap":{},"s":{"0":0},"f":{},"b":{},"hash":"b214fbe1e51c7341c61da77683ac4d6d7f1099ed"}
,"C:\\Users\\钱妈妈H5\\Desktop\\project\\TDDVUE\\jest-vue\\src\\App.vue": {"path":"C:\\Users\\钱妈妈H5\\Desktop\\project\\TDDVUE\\jest-vue\\src\\App.vue","statementMap":{"0":{"start":{"line":8,"column":0},"end":{"line":8,"column":null}}},"fnMap":{},"branchMap":{},"s":{"0":0},"f":{},"b":{}}
,"C:\\Users\\钱妈妈H5\\Desktop\\project\\TDDVUE\\jest-vue\\src\\main.js": {"path":"C:\\Users\\钱妈妈H5\\Desktop\\project\\TDDVUE\\jest-vue\\src\\main.js","statementMap":{"0":{"start":{"line":4,"column":0},"end":{"line":4,"column":32}},"1":{"start":{"line":6,"column":0},"end":{"line":8,"column":17}},"2":{"start":{"line":7,"column":15},"end":{"line":7,"column":21}}},"fnMap":{"0":{"name":"(anonymous_0)","decl":{"start":{"line":7,"column":10},"end":{"line":7,"column":11}},"loc":{"start":{"line":7,"column":15},"end":{"line":7,"column":21}},"line":7}},"branchMap":{},"s":{"0":0,"1":0,"2":0},"f":{"0":0},"b":{},"hash":"5df04159557aeefa35247a06d42838a882771dbc"}
,"C:\\Users\\钱妈妈H5\\Desktop\\project\\TDDVUE\\jest-vue\\src\\components\\Header.vue": {"path":"C:\\Users\\钱妈妈H5\\Desktop\\project\\TDDVUE\\jest-vue\\src\\components\\Header.vue","statementMap":{"0":{"start":{"line":19,"column":0},"end":{"line":19,"column":null}},"1":{"start":{"line":26,"column":0},"end":{"line":29,"column":null}},"2":{"start":{"line":27,"column":0},"end":{"line":27,"column":null}},"3":{"start":{"line":28,"column":0},"end":{"line":28,"column":null}}},"fnMap":{"0":{"name":"(anonymous_1)","decl":{"start":{"line":18,"column":0},"end":{"line":18,"column":null}},"loc":{"start":{"line":18,"column":0},"end":{"line":22,"column":null}}},"1":{"name":"(anonymous_2)","decl":{"start":{"line":25,"column":0},"end":{"line":25,"column":null}},"loc":{"start":{"line":25,"column":0},"end":{"line":30,"column":null}}}},"branchMap":{"0":{"loc":{"start":{"line":26,"column":0},"end":{"line":29,"column":null}},"type":"if","locations":[{"start":{"line":26,"column":0},"end":{"line":29,"column":null}},{"start":{"line":26,"column":0},"end":{"line":29,"column":null}}]}},"s":{"0":5,"1":2,"2":1,"3":1},"f":{"0":5,"1":2},"b":{"0":[1,1]}}
,"C:\\Users\\钱妈妈H5\\Desktop\\project\\TDDVUE\\jest-vue\\src\\components\\UndoList.vue": {"path":"C:\\Users\\钱妈妈H5\\Desktop\\project\\TDDVUE\\jest-vue\\src\\components\\UndoList.vue","statementMap":{"0":{"start":{"line":38,"column":0},"end":{"line":38,"column":null}},"1":{"start":{"line":41,"column":0},"end":{"line":41,"column":null}},"2":{"start":{"line":47,"column":0},"end":{"line":47,"column":null}},"3":{"start":{"line":50,"column":0},"end":{"line":50,"column":null}}},"fnMap":{"0":{"name":"(anonymous_1)","decl":{"start":{"line":37,"column":0},"end":{"line":37,"column":null}},"loc":{"start":{"line":37,"column":0},"end":{"line":39,"column":null}}},"1":{"name":"(anonymous_2)","decl":{"start":{"line":40,"column":0},"end":{"line":40,"column":null}},"loc":{"start":{"line":40,"column":0},"end":{"line":45,"column":null}}},"2":{"name":"(anonymous_3)","decl":{"start":{"line":46,"column":0},"end":{"line":46,"column":null}},"loc":{"start":{"line":46,"column":0},"end":{"line":48,"column":null}}},"3":{"name":"(anonymous_4)","decl":{"start":{"line":49,"column":0},"end":{"line":49,"column":null}},"loc":{"start":{"line":49,"column":0},"end":{"line":51,"column":null}}}},"branchMap":{},"s":{"0":2,"1":1,"2":2,"3":1},"f":{"0":2,"1":1,"2":2,"3":1},"b":{}}
,"C:\\Users\\钱妈妈H5\\Desktop\\project\\TDDVUE\\jest-vue\\src\\pages\\TodoList\\TodoList.vue": {"path":"C:\\Users\\钱妈妈H5\\Desktop\\project\\TDDVUE\\jest-vue\\src\\pages\\TodoList\\TodoList.vue","statementMap":{"0":{"start":{"line":14,"column":0},"end":{"line":14,"column":null}},"1":{"start":{"line":15,"column":0},"end":{"line":15,"column":null}},"2":{"start":{"line":24,"column":0},"end":{"line":24,"column":null}},"3":{"start":{"line":30,"column":0},"end":{"line":30,"column":null}},"4":{"start":{"line":36,"column":0},"end":{"line":36,"column":null}},"5":{"start":{"line":39,"column":0},"end":{"line":39,"column":null}},"6":{"start":{"line":40,"column":0},"end":{"line":46,"column":null}},"7":{"start":{"line":41,"column":0},"end":{"line":45,"column":null}},"8":{"start":{"line":42,"column":0},"end":{"line":42,"column":null}},"9":{"start":{"line":44,"column":0},"end":{"line":44,"column":null}},"10":{"start":{"line":47,"column":0},"end":{"line":47,"column":null}},"11":{"start":{"line":50,"column":0},"end":{"line":50,"column":null}},"12":{"start":{"line":51,"column":0},"end":{"line":53,"column":null}},"13":{"start":{"line":52,"column":0},"end":{"line":52,"column":null}},"14":{"start":{"line":54,"column":0},"end":{"line":54,"column":null}},"15":{"start":{"line":57,"column":0},"end":{"line":57,"column":null}}},"fnMap":{"0":{"name":"(anonymous_1)","decl":{"start":{"line":23,"column":0},"end":{"line":23,"column":null}},"loc":{"start":{"line":23,"column":0},"end":{"line":27,"column":null}}},"1":{"name":"(anonymous_2)","decl":{"start":{"line":29,"column":0},"end":{"line":29,"column":null}},"loc":{"start":{"line":29,"column":0},"end":{"line":34,"column":null}}},"2":{"name":"(anonymous_3)","decl":{"start":{"line":35,"column":0},"end":{"line":35,"column":null}},"loc":{"start":{"line":35,"column":0},"end":{"line":37,"column":null}}},"3":{"name":"(anonymous_4)","decl":{"start":{"line":38,"column":0},"end":{"line":38,"column":null}},"loc":{"start":{"line":38,"column":0},"end":{"line":48,"column":null}}},"4":{"name":"(anonymous_5)","decl":{"start":{"line":40,"column":0},"end":{"line":40,"column":null}},"loc":{"start":{"line":40,"column":0},"end":{"line":46,"column":null}}},"5":{"name":"(anonymous_6)","decl":{"start":{"line":49,"column":0},"end":{"line":49,"column":null}},"loc":{"start":{"line":49,"column":0},"end":{"line":55,"column":null}}},"6":{"name":"(anonymous_7)","decl":{"start":{"line":51,"column":0},"end":{"line":51,"column":null}},"loc":{"start":{"line":51,"column":0},"end":{"line":53,"column":null}}},"7":{"name":"(anonymous_8)","decl":{"start":{"line":56,"column":0},"end":{"line":56,"column":null}},"loc":{"start":{"line":56,"column":0},"end":{"line":58,"column":null}}}},"branchMap":{"0":{"loc":{"start":{"line":41,"column":0},"end":{"line":45,"column":null}},"type":"if","locations":[{"start":{"line":41,"column":0},"end":{"line":45,"column":null}},{"start":{"line":41,"column":0},"end":{"line":45,"column":null}}]}},"s":{"0":1,"1":1,"2":9,"3":2,"4":1,"5":1,"6":1,"7":3,"8":1,"9":2,"10":1,"11":1,"12":1,"13":3,"14":1,"15":1},"f":{"0":9,"1":2,"2":1,"3":1,"4":3,"5":1,"6":3,"7":1},"b":{"0":[1,2]}}
,"C:\\Users\\钱妈妈H5\\Desktop\\project\\TDDVUE\\jest-vue\\src\\utils\\testUtils.js": {"path":"C:\\Users\\钱妈妈H5\\Desktop\\project\\TDDVUE\\jest-vue\\src\\utils\\testUtils.js","statementMap":{"0":{"start":{"line":1,"column":31},"end":{"line":3,"column":1}},"1":{"start":{"line":2,"column":4},"end":{"line":2,"column":51}}},"fnMap":{"0":{"name":"(anonymous_0)","decl":{"start":{"line":1,"column":31},"end":{"line":1,"column":32}},"loc":{"start":{"line":1,"column":48},"end":{"line":3,"column":1}},"line":1}},"branchMap":{},"s":{"0":2,"1":14},"f":{"0":14},"b":{},"_coverageSchema":"43e27e138ebf9cfc5966b082cf9a028302ed4184","hash":"51db67ebeb742e5600bb3149d56105f4fb11f90e"}
}
