TN:
SF:C:\Users\钱妈妈H5\Desktop\project\TDDVUE\jest-vue\babel.config.js
FNF:0
FNH:0
DA:1,0
LF:1
LH:0
BRF:0
BRH:0
end_of_record
TN:
SF:C:\Users\钱妈妈H5\Desktop\project\TDDVUE\jest-vue\jest.config.js
FNF:0
FNH:0
DA:1,0
LF:1
LH:0
BRF:0
BRH:0
end_of_record
TN:
SF:C:\Users\钱妈妈H5\Desktop\project\TDDVUE\jest-vue\src\App.vue
FNF:0
FNH:0
DA:8,0
LF:1
LH:0
BRF:0
BRH:0
end_of_record
TN:
SF:C:\Users\钱妈妈H5\Desktop\project\TDDVUE\jest-vue\src\main.js
FN:7,(anonymous_0)
FNF:1
FNH:0
FNDA:0,(anonymous_0)
DA:4,0
DA:6,0
DA:7,0
LF:3
LH:0
BRF:0
BRH:0
end_of_record
TN:
SF:C:\Users\钱妈妈H5\Desktop\project\TDDVUE\jest-vue\src\components\Header.vue
FN:18,(anonymous_1)
FN:25,(anonymous_2)
FNF:2
FNH:2
FNDA:5,(anonymous_1)
FNDA:2,(anonymous_2)
DA:19,5
DA:26,2
DA:27,1
DA:28,1
LF:4
LH:4
BRDA:26,0,0,1
BRDA:26,0,1,1
BRF:2
BRH:2
end_of_record
TN:
SF:C:\Users\钱妈妈H5\Desktop\project\TDDVUE\jest-vue\src\components\UndoList.vue
FN:37,(anonymous_1)
FN:40,(anonymous_2)
FN:46,(anonymous_3)
FN:49,(anonymous_4)
FNF:4
FNH:4
FNDA:2,(anonymous_1)
FNDA:1,(anonymous_2)
FNDA:2,(anonymous_3)
FNDA:1,(anonymous_4)
DA:38,2
DA:41,1
DA:47,2
DA:50,1
LF:4
LH:4
BRF:0
BRH:0
end_of_record
TN:
SF:C:\Users\钱妈妈H5\Desktop\project\TDDVUE\jest-vue\src\pages\TodoList\TodoList.vue
FN:23,(anonymous_1)
FN:29,(anonymous_2)
FN:35,(anonymous_3)
FN:38,(anonymous_4)
FN:40,(anonymous_5)
FN:49,(anonymous_6)
FN:51,(anonymous_7)
FN:56,(anonymous_8)
FNF:8
FNH:8
FNDA:9,(anonymous_1)
FNDA:2,(anonymous_2)
FNDA:1,(anonymous_3)
FNDA:1,(anonymous_4)
FNDA:3,(anonymous_5)
FNDA:1,(anonymous_6)
FNDA:3,(anonymous_7)
FNDA:1,(anonymous_8)
DA:14,1
DA:15,1
DA:24,9
DA:30,2
DA:36,1
DA:39,1
DA:40,1
DA:41,3
DA:42,1
DA:44,2
DA:47,1
DA:50,1
DA:51,1
DA:52,3
DA:54,1
DA:57,1
LF:16
LH:16
BRDA:41,0,0,1
BRDA:41,0,1,2
BRF:2
BRH:2
end_of_record
TN:
SF:C:\Users\钱妈妈H5\Desktop\project\TDDVUE\jest-vue\src\utils\testUtils.js
FN:1,(anonymous_0)
FNF:1
FNH:1
FNDA:14,(anonymous_0)
DA:1,2
DA:2,14
LF:2
LH:2
BRF:0
BRH:0
end_of_record
